[1] ok: BybitAPIguide.md
[2] ok: KALSHI API GUIDE.md
[3] ok: ODDPOOL_API_GUIDE.md
[4] ok: PolymarketAPIGUIDE.md
[5] ok: 2026-03-24-complete-platform-plan.md
[6] ok: 2026-03-24-rebuild-plan.md
[7] ok: phase2-CONTEXT.md
[8] ok: phase2-PLAN.md
[9] ok: phase3-CONTEXT.md
[10] ok: phase3-PLAN.md
[11] ok: phase4-CONTEXT.md
[12] ok: phase4-PLAN.md
[13] ok: phase5-CONTEXT.md
[14] ok: phase5-PLAN.md
[15] ok: phase6-CONTEXT.md
[16] ok: phase6-PLAN.md
[17] ok: phase7-CONTEXT.md
[18] ok: phase7-PLAN.md
[19] ok: phase8-CONTEXT.md
[20] ok: phase8-PLAN.md
[21] ok: phase8-UI-SPEC.md
[22] ok: phase9-CONTEXT.md
[23] ok: phase9-PLAN.md
[24] ok: phase1.5-match-engine-rebuild.md
[25] ok: phase1.6-hybrid-match-engine.md
[26] ok: phase10-composer-enrichment.md
[27] ok: phase11-nautilus-integration.md
[28] ok: phase2-alpha-engine-strategy-registry.md
[29] ok: phase3-execution-router-position-manager.md
[30] ok: phase5-hyperliquid-integration.md
[31] ok: phase6-advanced-quant.md
[32] ok: phase7-ai-intelligence.md
[33] ok: phase8-frontend-rebuild.md
[34] ok: phase9-strategy-lab.md
[35] ok: README.md
[36] ok: README.md
[37] ok: 2026-04-14-strategy-fixes-and-latency-arb-plan.md
[38] ok: CTF_MERGE_REDEEM_RESEARCH.md
RESULT: 38 ok / 0 fail / 38 total
